\BOOKMARK [1][-]{section.1}{\376\377\000W\000h\000y\000\040\000r\000e\000p\000r\000o\000d\000u\000c\000i\000b\000l\000e\000\040\000r\000e\000s\000e\000a\000r\000c\000h\000\040\000\050\000i\000n\000\040\000R\000\051\000?}{}% 1
\BOOKMARK [1][-]{section.2}{\376\377\000P\000r\000e\000r\000e\000q\000u\000e\000s\000i\000t\000e\000s}{}% 2
\BOOKMARK [1][-]{section.3}{\376\377\000B\000a\000s\000i\000c\000s\000:\000\040\000I\000n\000p\000u\000t\000\040\000a\000n\000d\000\040\000o\000u\000t\000p\000u\000t\000\040\000f\000i\000l\000e\000s}{}% 3
\BOOKMARK [1][-]{section.4}{\376\377\000R\000e\000f\000e\000r\000e\000n\000c\000i\000n\000g\000\040\000w\000i\000t\000h\000i\000n\000\040\000y\000o\000u\000r\000\040\000d\000o\000c\000u\000m\000e\000n\000t}{}% 4
\BOOKMARK [1][-]{section.5}{\376\377\000S\000o\000f\000t\000w\000a\000r\000e\000\040\000v\000e\000r\000s\000i\000o\000n\000i\000n\000g}{}% 5
\BOOKMARK [1][-]{section.6}{\376\377\000D\000a\000t\000a}{}% 6
\BOOKMARK [2][-]{subsection.6.1}{\376\377\000I\000m\000p\000o\000r\000t}{section.6}% 7
\BOOKMARK [2][-]{subsection.6.2}{\376\377\000P\000u\000t\000t\000i\000n\000g\000\040\000y\000o\000u\000r\000\040\000e\000n\000t\000i\000r\000e\000\040\000d\000a\000t\000a\000\040\000i\000n\000t\000o\000\040\000t\000h\000e\000\040\000.\000r\000m\000d\000\040\000f\000i\000l\000e}{section.6}% 8
\BOOKMARK [1][-]{section.7}{\376\377\000T\000a\000b\000l\000e\000s}{}% 9
\BOOKMARK [2][-]{subsection.7.1}{\376\377\000s\000t\000a\000r\000g\000a\000z\000e\000r\000\050\000\051\000:\000\040\000S\000u\000m\000m\000a\000r\000y\000\040\000a\000n\000d\000\040\000r\000e\000g\000r\000e\000s\000s\000i\000o\000n\000\040\000t\000a\000b\000l\000e\000s}{section.7}% 10
\BOOKMARK [2][-]{subsection.7.2}{\376\377\000k\000a\000b\000l\000e\000\050\000\051\000\040\000a\000n\000d\000\040\000k\000a\000b\000l\000e\000\137\000s\000t\000y\000l\000i\000n\000g\000\050\000\051}{section.7}% 11
\BOOKMARK [1][-]{section.8}{\376\377\000I\000n\000l\000i\000n\000e\000\040\000c\000o\000d\000e\000\040\000\046\000\040\000r\000e\000s\000u\000l\000t\000s}{}% 12
\BOOKMARK [1][-]{section.9}{\376\377\000F\000i\000g\000u\000r\000e\000s}{}% 13
\BOOKMARK [2][-]{subsection.9.1}{\376\377\000R\000\040\000b\000a\000s\000e\000\040\000g\000r\000a\000p\000h\000s}{section.9}% 14
\BOOKMARK [2][-]{subsection.9.2}{\376\377\000g\000g\000p\000l\000o\000t\0002\000\040\000g\000r\000a\000p\000h\000s}{section.9}% 15
\BOOKMARK [1][-]{section.10}{\376\377\000G\000o\000o\000d\000\040\000p\000r\000a\000c\000t\000i\000c\000e\000s}{}% 16
\BOOKMARK [1][-]{section.11}{\376\377\000A\000d\000d\000i\000t\000i\000o\000n\000a\000l\000\040\000t\000r\000i\000c\000k\000s\000\040\000f\000o\000r\000\040\000p\000u\000b\000l\000i\000s\000h\000i\000n\000g}{}% 17
\BOOKMARK [1][-]{section.12}{\376\377\000C\000i\000t\000a\000t\000i\000o\000n\000\040\000s\000t\000y\000l\000e\000s}{}% 18
\BOOKMARK [1][-]{section.13}{\376\377\000R\000e\000f\000e\000r\000e\000n\000c\000e\000s}{}% 19
\BOOKMARK [1][-]{appendix.A}{\376\377\000O\000n\000l\000i\000n\000e\000\040\000a\000p\000p\000e\000n\000d\000i\000x}{}% 20
\BOOKMARK [2][-]{subsection.A.1}{\376\377\000A\000t\000t\000a\000c\000h\000\040\000R\000\040\000s\000e\000s\000s\000i\000o\000n\000\040\000i\000n\000f\000o\000\040\000i\000n\000\040\000a\000p\000p\000e\000n\000d\000i\000x}{appendix.A}% 21
\BOOKMARK [2][-]{subsection.A.2}{\376\377\000A\000l\000l\000\040\000t\000h\000e\000\040\000c\000o\000d\000e\000\040\000i\000n\000\040\000t\000h\000e\000\040\000p\000a\000p\000e\000r}{appendix.A}% 22
